<<<<<<< Updated upstream
2022-05-17T02:04:11+00:00 CRITICAL Uncaught Exception: Wrong base for shortcode:. Base required in D:\thaihongpham\htdocs\hunganhjsc_2022\wp-content\plugins\js_composer\include\classes\core\class-wpb-map.php:168
Stack trace:
#0 D:\thaihongpham\htdocs\hunganhjsc_2022\wp-content\plugins\js_composer\include\helpers\helpers_api.php(40): WPBMap::map('', Array)
#1 D:\thaihongpham\htdocs\hunganhjsc_2022\wp-content\themes\hunganhjsc\inc\classes\WP_NanoBakeryBuilder.php(57): vc_map(Array)
#2 D:\thaihongpham\htdocs\hunganhjsc_2022\wp-includes\class-wp-hook.php(307): WP_NanoBakeryBuilder->{closure}('')
#3 D:\thaihongpham\htdocs\hunganhjsc_2022\wp-includes\class-wp-hook.php(331): WP_Hook->apply_filters(NULL, Array)
#4 D:\thaihongpham\htdocs\hunganhjsc_2022\wp-includes\plugin.php(474): WP_Hook->do_action(Array)
#5 D:\thaihongpham\htdocs\hunganhjsc_2022\wp-content\plugins\js_composer\include\classes\core\class-vc-manager.php(219): do_action('vc_before_init')
#6 D:\thaihongpham\htdocs\hunganhjsc_2022\wp-includes\class-wp-hook.php(307): Vc_Manager->init('')
# in D:\thaihongpham\htdocs\hunganhjsc_2022\wp-content\plugins\js_composer\include\classes\core\class-wpb-map.php on line 168

2022-05-17T02:28:21+00:00 CRITICAL syntax error, unexpected ''st_home_staticals'' (T_CONSTANT_ENCAPSED_STRING), expecting ')' in D:\thaihongpham\htdocs\hunganhjsc_2022\wp-content\themes\hunganhjsc\inc\classes\WP_NanoBakeryBuilder.php on line 83

2022-05-17T02:30:22+00:00 CRITICAL Uncaught Error: Unsupported operand types in D:\thaihongpham\htdocs\hunganhjsc_2022\wp-content\themes\hunganhjsc\inc\classes\WP_NanoBakeryBuilder.php:54
Stack trace:
#0 D:\thaihongpham\htdocs\hunganhjsc_2022\wp-includes\class-wp-hook.php(307): WP_NanoBakeryBuilder->{closure}('')
#1 D:\thaihongpham\htdocs\hunganhjsc_2022\wp-includes\class-wp-hook.php(331): WP_Hook->apply_filters(NULL, Array)
#2 D:\thaihongpham\htdocs\hunganhjsc_2022\wp-includes\plugin.php(474): WP_Hook->do_action(Array)
#3 D:\thaihongpham\htdocs\hunganhjsc_2022\wp-content\plugins\js_composer\include\classes\core\class-vc-manager.php(219): do_action('vc_before_init')
#4 D:\thaihongpham\htdocs\hunganhjsc_2022\wp-includes\class-wp-hook.php(307): Vc_Manager->init('')
#5 D:\thaihongpham\htdocs\hunganhjsc_2022\wp-includes\class-wp-hook.php(331): WP_Hook->apply_filters(NULL, Array)
#6 D:\thaihongpham\htdocs\hunganhjsc_2022\wp-includes\plugin.php(474): WP_Hook->do_action(Array)
#7 D:\thaihongpham\htdocs\hunganhjsc_2022\wp-settings.php(587): do_action( in D:\thaihongpham\htdocs\hunganhjsc_2022\wp-content\themes\hunganhjsc\inc\classes\WP_NanoBakeryBuilder.php on line 54

2022-05-17T02:32:22+00:00 CRITICAL syntax error, unexpected ',' in D:\thaihongpham\htdocs\hunganhjsc_2022\wp-content\themes\hunganhjsc\inc\classes\WP_NanoBakeryBuilder.php on line 87

2022-05-17T02:34:24+00:00 CRITICAL syntax error, unexpected ',' in D:\thaihongpham\htdocs\hunganhjsc_2022\wp-content\themes\hunganhjsc\inc\classes\WP_NanoBakeryBuilder.php on line 87

2022-05-17T03:01:15+00:00 CRITICAL Uncaught Error: Call to a member function the_permalink() on string in D:\thaihongpham\htdocs\hunganhjsc_2022\wp-content\themes\hunganhjsc\template-parts\content\vc_map_templates\home\slide.php:12
Stack trace:
#0 D:\thaihongpham\htdocs\hunganhjsc_2022\wp-includes\template.php(772): require()
#1 D:\thaihongpham\htdocs\hunganhjsc_2022\wp-includes\template.php(716): load_template('D:\\thaihongpham...', false, Array)
#2 D:\thaihongpham\htdocs\hunganhjsc_2022\wp-includes\general-template.php(204): locate_template(Array, true, false, Array)
#3 D:\thaihongpham\htdocs\hunganhjsc_2022\wp-content\themes\hunganhjsc\inc\classes\WP_NanoBakeryBuilder.php(39): get_template_part('template-parts/...', '', Array)
#4 D:\thaihongpham\htdocs\hunganhjsc_2022\wp-includes\shortcodes.php(356): WP_NanoBakeryBuilder->{closure}(Array, '', 'st_slide')
#5 [internal function]: do_shortcode_tag(Array)
#6 D:\thaihongpham\htdocs\hunganhjsc_2022\wp-includes\shortcodes.php(228): preg_replace_callback('/\\[(\\[?)(st_sli...', 'do_shortcode_ta...' in D:\thaihongpham\htdocs\hunganhjsc_2022\wp-content\themes\hunganhjsc\template-parts\content\vc_map_templates\home\slide.php on line 12

2022-05-17T03:15:27+00:00 CRITICAL syntax error, unexpected '}' in D:\thaihongpham\htdocs\hunganhjsc_2022\wp-content\themes\hunganhjsc\template-parts\content\vc_map_templates\home\slide.php on line 39

2022-05-17T03:15:38+00:00 CRITICAL syntax error, unexpected '}' in D:\thaihongpham\htdocs\hunganhjsc_2022\wp-content\themes\hunganhjsc\template-parts\content\vc_map_templates\home\slide.php on line 11

2022-05-17T03:15:41+00:00 CRITICAL syntax error, unexpected '}' in D:\thaihongpham\htdocs\hunganhjsc_2022\wp-content\themes\hunganhjsc\template-parts\content\vc_map_templates\home\slide.php on line 11
=======
2022-05-17T01:19:05+00:00 CRITICAL syntax error, unexpected 'else' (T_ELSE), expecting end of file in C:\xampp\htdocs\hunganhjsc_2022\wp-content\themes\hunganhjsc\woocommerce\archive-product.php on line 27

2022-05-17T01:36:14+00:00 CRITICAL syntax error, unexpected 'echo' (T_ECHO) in C:\xampp\htdocs\hunganhjsc_2022\wp-content\themes\hunganhjsc\woocommerce\archive-product.php on line 28

2022-05-17T01:47:16+00:00 CRITICAL syntax error, unexpected end of file in C:\xampp\htdocs\hunganhjsc_2022\wp-content\themes\hunganhjsc\woocommerce\archive-product.php on line 952

2022-05-17T01:47:36+00:00 CRITICAL syntax error, unexpected end of file in C:\xampp\htdocs\hunganhjsc_2022\wp-content\themes\hunganhjsc\woocommerce\archive-product.php on line 952

2022-05-17T01:48:21+00:00 CRITICAL syntax error, unexpected '}' in C:\xampp\htdocs\hunganhjsc_2022\wp-content\themes\hunganhjsc\woocommerce\archive-product.php on line 31

2022-05-17T02:10:55+00:00 CRITICAL syntax error, unexpected 'else' (T_ELSE), expecting end of file in C:\xampp\htdocs\hunganhjsc_2022\wp-content\themes\hunganhjsc\woocommerce\archive-product.php on line 516

2022-05-17T02:12:41+00:00 CRITICAL syntax error, unexpected ')' in C:\xampp\htdocs\hunganhjsc_2022\wp-content\themes\hunganhjsc\woocommerce\archive-product.php on line 467

2022-05-17T02:13:41+00:00 CRITICAL syntax error, unexpected 'elseif' (T_ELSEIF), expecting end of file in C:\xampp\htdocs\hunganhjsc_2022\wp-content\themes\hunganhjsc\woocommerce\archive-product.php on line 467

2022-05-17T02:16:59+00:00 CRITICAL syntax error, unexpected 'else' (T_ELSE), expecting end of file in C:\xampp\htdocs\hunganhjsc_2022\wp-content\themes\hunganhjsc\woocommerce\archive-product.php on line 467

2022-05-17T02:17:27+00:00 CRITICAL syntax error, unexpected 'else' (T_ELSE), expecting end of file in C:\xampp\htdocs\hunganhjsc_2022\wp-content\themes\hunganhjsc\woocommerce\archive-product.php on line 467

2022-05-17T02:23:40+00:00 CRITICAL syntax error, unexpected 'else' (T_ELSE), expecting end of file in C:\xampp\htdocs\hunganhjsc_2022\wp-content\themes\hunganhjsc\woocommerce\archive-product.php on line 445

2022-05-17T02:29:44+00:00 CRITICAL syntax error, unexpected 'else' (T_ELSE), expecting end of file in C:\xampp\htdocs\hunganhjsc_2022\wp-content\themes\hunganhjsc\woocommerce\archive-product.php on line 442

2022-05-17T02:29:53+00:00 CRITICAL syntax error, unexpected 'else' (T_ELSE), expecting end of file in C:\xampp\htdocs\hunganhjsc_2022\wp-content\themes\hunganhjsc\woocommerce\archive-product.php on line 442

2022-05-17T02:59:57+00:00 CRITICAL Object of class WP_Query could not be converted to string in C:\xampp\htdocs\hunganhjsc_2022\wp-content\themes\hunganhjsc\template-parts\product_cat\productInArchive-product.php on line 246

2022-05-17T03:33:56+00:00 CRITICAL syntax error, unexpected end of file in C:\xampp\htdocs\hunganhjsc_2022\wp-content\themes\hunganhjsc\template-parts\product_cat\productInArchive-product.php on line 190

2022-05-17T03:35:13+00:00 CRITICAL syntax error, unexpected end of file in C:\xampp\htdocs\hunganhjsc_2022\wp-content\themes\hunganhjsc\template-parts\product_cat\productInArchive-product.php on line 190

2022-05-17T03:51:42+00:00 CRITICAL Uncaught Error: Call to undefined function print_f() in C:\xampp\htdocs\hunganhjsc_2022\wp-content\themes\hunganhjsc\template-parts\product_cat\productInArchive-product.php:170
Stack trace:
#0 C:\xampp\htdocs\hunganhjsc_2022\wp-includes\template.php(772): require()
#1 C:\xampp\htdocs\hunganhjsc_2022\wp-includes\template.php(716): load_template('C:\\xampp\\htdocs...', false, Array)
#2 C:\xampp\htdocs\hunganhjsc_2022\wp-includes\general-template.php(204): locate_template(Array, true, false, Array)
#3 C:\xampp\htdocs\hunganhjsc_2022\wp-content\themes\hunganhjsc\woocommerce\archive-product.php(442): get_template_part('template-parts/...', 'product', Array)
#4 C:\xampp\htdocs\hunganhjsc_2022\wp-content\plugins\woocommerce\includes\wc-core-functions.php(345): include('C:\\xampp\\htdocs...')
#5 C:\xampp\htdocs\hunganhjsc_2022\wp-content\themes\hunganhjsc\woocommerce\taxonomy-product-cat.php(22): wc_get_template('archive-product...')
#6 C:\xampp\htdocs\hunganhjsc_2022\wp-includes\template-loader.php(106): include('C: in C:\xampp\htdocs\hunganhjsc_2022\wp-content\themes\hunganhjsc\template-parts\product_cat\productInArchive-product.php on line 170
>>>>>>> Stashed changes

2022-05-17T03:38:18+00:00 CRITICAL Uncaught Error: Unsupported operand types in D:\thaihongpham\htdocs\hunganhjsc_2022\wp-content\themes\hunganhjsc\inc\classes\WP_NanoBakeryBuilder.php:54
Stack trace:
#0 D:\thaihongpham\htdocs\hunganhjsc_2022\wp-includes\class-wp-hook.php(307): WP_NanoBakeryBuilder->{closure}('')
#1 D:\thaihongpham\htdocs\hunganhjsc_2022\wp-includes\class-wp-hook.php(331): WP_Hook->apply_filters(NULL, Array)
#2 D:\thaihongpham\htdocs\hunganhjsc_2022\wp-includes\plugin.php(474): WP_Hook->do_action(Array)
#3 D:\thaihongpham\htdocs\hunganhjsc_2022\wp-content\plugins\js_composer\include\classes\core\class-vc-manager.php(219): do_action('vc_before_init')
#4 D:\thaihongpham\htdocs\hunganhjsc_2022\wp-includes\class-wp-hook.php(307): Vc_Manager->init('')
#5 D:\thaihongpham\htdocs\hunganhjsc_2022\wp-includes\class-wp-hook.php(331): WP_Hook->apply_filters(NULL, Array)
#6 D:\thaihongpham\htdocs\hunganhjsc_2022\wp-includes\plugin.php(474): WP_Hook->do_action(Array)
#7 D:\thaihongpham\htdocs\hunganhjsc_2022\wp-settings.php(587): do_action( in D:\thaihongpham\htdocs\hunganhjsc_2022\wp-content\themes\hunganhjsc\inc\classes\WP_NanoBakeryBuilder.php on line 54

2022-05-17T03:43:21+00:00 CRITICAL Uncaught Error: Unsupported operand types in D:\thaihongpham\htdocs\hunganhjsc_2022\wp-content\themes\hunganhjsc\inc\classes\WP_NanoBakeryBuilder.php:54
Stack trace:
#0 D:\thaihongpham\htdocs\hunganhjsc_2022\wp-includes\class-wp-hook.php(307): WP_NanoBakeryBuilder->{closure}('')
#1 D:\thaihongpham\htdocs\hunganhjsc_2022\wp-includes\class-wp-hook.php(331): WP_Hook->apply_filters(NULL, Array)
#2 D:\thaihongpham\htdocs\hunganhjsc_2022\wp-includes\plugin.php(474): WP_Hook->do_action(Array)
#3 D:\thaihongpham\htdocs\hunganhjsc_2022\wp-content\plugins\js_composer\include\classes\core\class-vc-manager.php(219): do_action('vc_before_init')
#4 D:\thaihongpham\htdocs\hunganhjsc_2022\wp-includes\class-wp-hook.php(307): Vc_Manager->init('')
#5 D:\thaihongpham\htdocs\hunganhjsc_2022\wp-includes\class-wp-hook.php(331): WP_Hook->apply_filters(NULL, Array)
#6 D:\thaihongpham\htdocs\hunganhjsc_2022\wp-includes\plugin.php(474): WP_Hook->do_action(Array)
#7 D:\thaihongpham\htdocs\hunganhjsc_2022\wp-settings.php(587): do_action( in D:\thaihongpham\htdocs\hunganhjsc_2022\wp-content\themes\hunganhjsc\inc\classes\WP_NanoBakeryBuilder.php on line 54

2022-05-17T04:28:54+00:00 CRITICAL syntax error, unexpected end of file in D:\thaihongpham\htdocs\hunganhjsc_2022\wp-content\themes\hunganhjsc\template-parts\content\vc_map_templates\home\search.php on line 67

2022-05-17T04:29:16+00:00 CRITICAL syntax error, unexpected '}' in D:\thaihongpham\htdocs\hunganhjsc_2022\wp-content\themes\hunganhjsc\template-parts\content\vc_map_templates\home\search.php on line 7

2022-05-17T04:29:18+00:00 CRITICAL syntax error, unexpected '}' in D:\thaihongpham\htdocs\hunganhjsc_2022\wp-content\themes\hunganhjsc\template-parts\content\vc_map_templates\home\search.php on line 7

