2022-05-18T02:31:19+00:00 CRITICAL syntax error, unexpected end of file in D:\thaihongpham\htdocs\hunganhjsc_2022\wp-content\themes\hunganhjsc\template-parts\content\vc_map_templates\home\newspapers.php on line 27

2022-05-18T02:31:37+00:00 CRITICAL syntax error, unexpected end of file in D:\thaihongpham\htdocs\hunganhjsc_2022\wp-content\themes\hunganhjsc\template-parts\content\vc_map_templates\home\newspapers.php on line 27

2022-05-18T02:31:41+00:00 CRITICAL syntax error, unexpected end of file in D:\thaihongpham\htdocs\hunganhjsc_2022\wp-content\themes\hunganhjsc\template-parts\content\vc_map_templates\home\newspapers.php on line 27

2022-05-18T02:50:33+00:00 CRITICAL syntax error, unexpected '}', expecting end of file in D:\thaihongpham\htdocs\hunganhjsc_2022\wp-content\themes\hunganhjsc\template-parts\content\vc_map_templates\home\newspapers.php on line 21

2022-05-18T07:16:31+00:00 CRITICAL Uncaught Error: Cannot use object of type WP_Query as array in D:\thaihongpham\htdocs\hunganhjsc_2022\wp-includes\class-wp-query.php:3456
Stack trace:
#0 D:\thaihongpham\htdocs\hunganhjsc_2022\wp-includes\class-wp-query.php(3432): WP_Query->rewind_posts()
#1 D:\thaihongpham\htdocs\hunganhjsc_2022\wp-includes\query.php(937): WP_Query->have_posts()
#2 D:\thaihongpham\htdocs\hunganhjsc_2022\wp-content\themes\hunganhjsc\page.php(27): have_posts()
#3 D:\thaihongpham\htdocs\hunganhjsc_2022\wp-includes\template-loader.php(106): include('D:\\thaihongpham...')
#4 D:\thaihongpham\htdocs\hunganhjsc_2022\wp-blog-header.php(19): require_once('D:\\thaihongpham...')
#5 D:\thaihongpham\htdocs\hunganhjsc_2022\index.php(17): require('D:\\thaihongpham...')
#6 {main}
  thrown in D:\thaihongpham\htdocs\hunganhjsc_2022\wp-includes\class-wp-query.php on line 3456

2022-05-18T07:28:11+00:00 CRITICAL Uncaught Error: Cannot use object of type WP_Term as array in D:\thaihongpham\htdocs\hunganhjsc_2022\wp-content\themes\hunganhjsc\template-parts\content\vc_map_templates\home\news-section.php:44
Stack trace:
#0 D:\thaihongpham\htdocs\hunganhjsc_2022\wp-includes\template.php(772): require()
#1 D:\thaihongpham\htdocs\hunganhjsc_2022\wp-includes\template.php(716): load_template('D:\\thaihongpham...', false, Array)
#2 D:\thaihongpham\htdocs\hunganhjsc_2022\wp-includes\general-template.php(204): locate_template(Array, true, false, Array)
#3 D:\thaihongpham\htdocs\hunganhjsc_2022\wp-content\themes\hunganhjsc\inc\classes\WP_NanoBakeryBuilder.php(39): get_template_part('template-parts/...', '', Array)
#4 D:\thaihongpham\htdocs\hunganhjsc_2022\wp-includes\shortcodes.php(356): WP_NanoBakeryBuilder->{closure}(Array, '', 'st_content_mid')
#5 [internal function]: do_shortcode_tag(Array)
#6 D:\thaihongpham\htdocs\hunganhjsc_2022\wp-includes\shortcodes.php(228): preg_replace_callback('/\\[(\\[?)(st_sli...', 'do_shortcode_ta in D:\thaihongpham\htdocs\hunganhjsc_2022\wp-content\themes\hunganhjsc\template-parts\content\vc_map_templates\home\news-section.php on line 44

2022-05-18T07:28:46+00:00 CRITICAL Uncaught Error: Cannot use object of type WP_Term as array in D:\thaihongpham\htdocs\hunganhjsc_2022\wp-content\themes\hunganhjsc\template-parts\content\vc_map_templates\home\news-section.php:44
Stack trace:
#0 D:\thaihongpham\htdocs\hunganhjsc_2022\wp-includes\template.php(772): require()
#1 D:\thaihongpham\htdocs\hunganhjsc_2022\wp-includes\template.php(716): load_template('D:\\thaihongpham...', false, Array)
#2 D:\thaihongpham\htdocs\hunganhjsc_2022\wp-includes\general-template.php(204): locate_template(Array, true, false, Array)
#3 D:\thaihongpham\htdocs\hunganhjsc_2022\wp-content\themes\hunganhjsc\inc\classes\WP_NanoBakeryBuilder.php(39): get_template_part('template-parts/...', '', Array)
#4 D:\thaihongpham\htdocs\hunganhjsc_2022\wp-includes\shortcodes.php(356): WP_NanoBakeryBuilder->{closure}(Array, '', 'st_content_mid')
#5 [internal function]: do_shortcode_tag(Array)
#6 D:\thaihongpham\htdocs\hunganhjsc_2022\wp-includes\shortcodes.php(228): preg_replace_callback('/\\[(\\[?)(st_sli...', 'do_shortcode_ta in D:\thaihongpham\htdocs\hunganhjsc_2022\wp-content\themes\hunganhjsc\template-parts\content\vc_map_templates\home\news-section.php on line 44

2022-05-18T07:28:49+00:00 CRITICAL Uncaught Error: Cannot use object of type WP_Term as array in D:\thaihongpham\htdocs\hunganhjsc_2022\wp-content\themes\hunganhjsc\template-parts\content\vc_map_templates\home\news-section.php:44
Stack trace:
#0 D:\thaihongpham\htdocs\hunganhjsc_2022\wp-includes\template.php(772): require()
#1 D:\thaihongpham\htdocs\hunganhjsc_2022\wp-includes\template.php(716): load_template('D:\\thaihongpham...', false, Array)
#2 D:\thaihongpham\htdocs\hunganhjsc_2022\wp-includes\general-template.php(204): locate_template(Array, true, false, Array)
#3 D:\thaihongpham\htdocs\hunganhjsc_2022\wp-content\themes\hunganhjsc\inc\classes\WP_NanoBakeryBuilder.php(39): get_template_part('template-parts/...', '', Array)
#4 D:\thaihongpham\htdocs\hunganhjsc_2022\wp-includes\shortcodes.php(356): WP_NanoBakeryBuilder->{closure}(Array, '', 'st_content_mid')
#5 [internal function]: do_shortcode_tag(Array)
#6 D:\thaihongpham\htdocs\hunganhjsc_2022\wp-includes\shortcodes.php(228): preg_replace_callback('/\\[(\\[?)(st_sli...', 'do_shortcode_ta in D:\thaihongpham\htdocs\hunganhjsc_2022\wp-content\themes\hunganhjsc\template-parts\content\vc_map_templates\home\news-section.php on line 44

2022-05-18T07:29:13+00:00 CRITICAL Uncaught Error: Cannot use object of type WP_Term as array in D:\thaihongpham\htdocs\hunganhjsc_2022\wp-content\themes\hunganhjsc\template-parts\content\vc_map_templates\home\news-section.php:45
Stack trace:
#0 D:\thaihongpham\htdocs\hunganhjsc_2022\wp-includes\template.php(772): require()
#1 D:\thaihongpham\htdocs\hunganhjsc_2022\wp-includes\template.php(716): load_template('D:\\thaihongpham...', false, Array)
#2 D:\thaihongpham\htdocs\hunganhjsc_2022\wp-includes\general-template.php(204): locate_template(Array, true, false, Array)
#3 D:\thaihongpham\htdocs\hunganhjsc_2022\wp-content\themes\hunganhjsc\inc\classes\WP_NanoBakeryBuilder.php(39): get_template_part('template-parts/...', '', Array)
#4 D:\thaihongpham\htdocs\hunganhjsc_2022\wp-includes\shortcodes.php(356): WP_NanoBakeryBuilder->{closure}(Array, '', 'st_content_mid')
#5 [internal function]: do_shortcode_tag(Array)
#6 D:\thaihongpham\htdocs\hunganhjsc_2022\wp-includes\shortcodes.php(228): preg_replace_callback('/\\[(\\[?)(st_sli...', 'do_shortcode_ta in D:\thaihongpham\htdocs\hunganhjsc_2022\wp-content\themes\hunganhjsc\template-parts\content\vc_map_templates\home\news-section.php on line 45

2022-05-18T07:29:55+00:00 CRITICAL Uncaught Error: Cannot use object of type WP_Term as array in D:\thaihongpham\htdocs\hunganhjsc_2022\wp-content\themes\hunganhjsc\template-parts\content\vc_map_templates\home\news-section.php:45
Stack trace:
#0 D:\thaihongpham\htdocs\hunganhjsc_2022\wp-includes\template.php(772): require()
#1 D:\thaihongpham\htdocs\hunganhjsc_2022\wp-includes\template.php(716): load_template('D:\\thaihongpham...', false, Array)
#2 D:\thaihongpham\htdocs\hunganhjsc_2022\wp-includes\general-template.php(204): locate_template(Array, true, false, Array)
#3 D:\thaihongpham\htdocs\hunganhjsc_2022\wp-content\themes\hunganhjsc\inc\classes\WP_NanoBakeryBuilder.php(39): get_template_part('template-parts/...', '', Array)
#4 D:\thaihongpham\htdocs\hunganhjsc_2022\wp-includes\shortcodes.php(356): WP_NanoBakeryBuilder->{closure}(Array, '', 'st_content_mid')
#5 [internal function]: do_shortcode_tag(Array)
#6 D:\thaihongpham\htdocs\hunganhjsc_2022\wp-includes\shortcodes.php(228): preg_replace_callback('/\\[(\\[?)(st_sli...', 'do_shortcode_ta in D:\thaihongpham\htdocs\hunganhjsc_2022\wp-content\themes\hunganhjsc\template-parts\content\vc_map_templates\home\news-section.php on line 45

2022-05-18T07:29:59+00:00 CRITICAL Uncaught Error: Cannot use object of type WP_Term as array in D:\thaihongpham\htdocs\hunganhjsc_2022\wp-content\themes\hunganhjsc\template-parts\content\vc_map_templates\home\news-section.php:45
Stack trace:
#0 D:\thaihongpham\htdocs\hunganhjsc_2022\wp-includes\template.php(772): require()
#1 D:\thaihongpham\htdocs\hunganhjsc_2022\wp-includes\template.php(716): load_template('D:\\thaihongpham...', false, Array)
#2 D:\thaihongpham\htdocs\hunganhjsc_2022\wp-includes\general-template.php(204): locate_template(Array, true, false, Array)
#3 D:\thaihongpham\htdocs\hunganhjsc_2022\wp-content\themes\hunganhjsc\inc\classes\WP_NanoBakeryBuilder.php(39): get_template_part('template-parts/...', '', Array)
#4 D:\thaihongpham\htdocs\hunganhjsc_2022\wp-includes\shortcodes.php(356): WP_NanoBakeryBuilder->{closure}(Array, '', 'st_content_mid')
#5 [internal function]: do_shortcode_tag(Array)
#6 D:\thaihongpham\htdocs\hunganhjsc_2022\wp-includes\shortcodes.php(228): preg_replace_callback('/\\[(\\[?)(st_sli...', 'do_shortcode_ta in D:\thaihongpham\htdocs\hunganhjsc_2022\wp-content\themes\hunganhjsc\template-parts\content\vc_map_templates\home\news-section.php on line 45

2022-05-18T07:30:21+00:00 CRITICAL Uncaught Error: Cannot use object of type WP_Term as array in D:\thaihongpham\htdocs\hunganhjsc_2022\wp-content\themes\hunganhjsc\template-parts\content\vc_map_templates\home\news-section.php:45
Stack trace:
#0 D:\thaihongpham\htdocs\hunganhjsc_2022\wp-includes\template.php(772): require()
#1 D:\thaihongpham\htdocs\hunganhjsc_2022\wp-includes\template.php(716): load_template('D:\\thaihongpham...', false, Array)
#2 D:\thaihongpham\htdocs\hunganhjsc_2022\wp-includes\general-template.php(204): locate_template(Array, true, false, Array)
#3 D:\thaihongpham\htdocs\hunganhjsc_2022\wp-content\themes\hunganhjsc\inc\classes\WP_NanoBakeryBuilder.php(39): get_template_part('template-parts/...', '', Array)
#4 D:\thaihongpham\htdocs\hunganhjsc_2022\wp-includes\shortcodes.php(356): WP_NanoBakeryBuilder->{closure}(Array, '', 'st_content_mid')
#5 [internal function]: do_shortcode_tag(Array)
#6 D:\thaihongpham\htdocs\hunganhjsc_2022\wp-includes\shortcodes.php(228): preg_replace_callback('/\\[(\\[?)(st_sli...', 'do_shortcode_ta in D:\thaihongpham\htdocs\hunganhjsc_2022\wp-content\themes\hunganhjsc\template-parts\content\vc_map_templates\home\news-section.php on line 45

2022-05-18T07:36:24+00:00 CRITICAL Uncaught Error: Cannot use object of type WP_Query as array in D:\thaihongpham\htdocs\hunganhjsc_2022\wp-content\themes\hunganhjsc\template-parts\content\vc_map_templates\home\news-section.php:59
Stack trace:
#0 D:\thaihongpham\htdocs\hunganhjsc_2022\wp-includes\template.php(772): require()
#1 D:\thaihongpham\htdocs\hunganhjsc_2022\wp-includes\template.php(716): load_template('D:\\thaihongpham...', false, Array)
#2 D:\thaihongpham\htdocs\hunganhjsc_2022\wp-includes\general-template.php(204): locate_template(Array, true, false, Array)
#3 D:\thaihongpham\htdocs\hunganhjsc_2022\wp-content\themes\hunganhjsc\inc\classes\WP_NanoBakeryBuilder.php(39): get_template_part('template-parts/...', '', Array)
#4 D:\thaihongpham\htdocs\hunganhjsc_2022\wp-includes\shortcodes.php(356): WP_NanoBakeryBuilder->{closure}(Array, '', 'st_content_mid')
#5 [internal function]: do_shortcode_tag(Array)
#6 D:\thaihongpham\htdocs\hunganhjsc_2022\wp-includes\shortcodes.php(228): preg_replace_callback('/\\[(\\[?)(st_sli...', 'do_shortcode_t in D:\thaihongpham\htdocs\hunganhjsc_2022\wp-content\themes\hunganhjsc\template-parts\content\vc_map_templates\home\news-section.php on line 59

2022-05-18T07:40:13+00:00 CRITICAL Uncaught Error: Cannot use object of type WP_Query as array in D:\thaihongpham\htdocs\hunganhjsc_2022\wp-content\themes\hunganhjsc\template-parts\content\vc_map_templates\home\news-section.php:59
Stack trace:
#0 D:\thaihongpham\htdocs\hunganhjsc_2022\wp-includes\template.php(772): require()
#1 D:\thaihongpham\htdocs\hunganhjsc_2022\wp-includes\template.php(716): load_template('D:\\thaihongpham...', false, Array)
#2 D:\thaihongpham\htdocs\hunganhjsc_2022\wp-includes\general-template.php(204): locate_template(Array, true, false, Array)
#3 D:\thaihongpham\htdocs\hunganhjsc_2022\wp-content\themes\hunganhjsc\inc\classes\WP_NanoBakeryBuilder.php(39): get_template_part('template-parts/...', '', Array)
#4 D:\thaihongpham\htdocs\hunganhjsc_2022\wp-includes\shortcodes.php(356): WP_NanoBakeryBuilder->{closure}(Array, '', 'st_content_mid')
#5 [internal function]: do_shortcode_tag(Array)
#6 D:\thaihongpham\htdocs\hunganhjsc_2022\wp-includes\shortcodes.php(228): preg_replace_callback('/\\[(\\[?)(st_sli...', 'do_shortcode_t in D:\thaihongpham\htdocs\hunganhjsc_2022\wp-content\themes\hunganhjsc\template-parts\content\vc_map_templates\home\news-section.php on line 59

2022-05-18T07:40:56+00:00 CRITICAL Uncaught Error: Call to undefined method WP_Post::have_posts() in D:\thaihongpham\htdocs\hunganhjsc_2022\wp-content\themes\hunganhjsc\template-parts\content\vc_map_templates\home\news-section.php:62
Stack trace:
#0 D:\thaihongpham\htdocs\hunganhjsc_2022\wp-includes\template.php(772): require()
#1 D:\thaihongpham\htdocs\hunganhjsc_2022\wp-includes\template.php(716): load_template('D:\\thaihongpham...', false, Array)
#2 D:\thaihongpham\htdocs\hunganhjsc_2022\wp-includes\general-template.php(204): locate_template(Array, true, false, Array)
#3 D:\thaihongpham\htdocs\hunganhjsc_2022\wp-content\themes\hunganhjsc\inc\classes\WP_NanoBakeryBuilder.php(39): get_template_part('template-parts/...', '', Array)
#4 D:\thaihongpham\htdocs\hunganhjsc_2022\wp-includes\shortcodes.php(356): WP_NanoBakeryBuilder->{closure}(Array, '', 'st_content_mid')
#5 [internal function]: do_shortcode_tag(Array)
#6 D:\thaihongpham\htdocs\hunganhjsc_2022\wp-includes\shortcodes.php(228): preg_replace_callback('/\\[(\\[?)(st_sli...', 'do_shortcod in D:\thaihongpham\htdocs\hunganhjsc_2022\wp-content\themes\hunganhjsc\template-parts\content\vc_map_templates\home\news-section.php on line 62

2022-05-18T07:41:52+00:00 CRITICAL Uncaught Error: Call to undefined method WP_Post::have_posts() in D:\thaihongpham\htdocs\hunganhjsc_2022\wp-content\themes\hunganhjsc\template-parts\content\vc_map_templates\home\news-section.php:60
Stack trace:
#0 D:\thaihongpham\htdocs\hunganhjsc_2022\wp-includes\template.php(772): require()
#1 D:\thaihongpham\htdocs\hunganhjsc_2022\wp-includes\template.php(716): load_template('D:\\thaihongpham...', false, Array)
#2 D:\thaihongpham\htdocs\hunganhjsc_2022\wp-includes\general-template.php(204): locate_template(Array, true, false, Array)
#3 D:\thaihongpham\htdocs\hunganhjsc_2022\wp-content\themes\hunganhjsc\inc\classes\WP_NanoBakeryBuilder.php(39): get_template_part('template-parts/...', '', Array)
#4 D:\thaihongpham\htdocs\hunganhjsc_2022\wp-includes\shortcodes.php(356): WP_NanoBakeryBuilder->{closure}(Array, '', 'st_content_mid')
#5 [internal function]: do_shortcode_tag(Array)
#6 D:\thaihongpham\htdocs\hunganhjsc_2022\wp-includes\shortcodes.php(228): preg_replace_callback('/\\[(\\[?)(st_sli...', 'do_shortcod in D:\thaihongpham\htdocs\hunganhjsc_2022\wp-content\themes\hunganhjsc\template-parts\content\vc_map_templates\home\news-section.php on line 60

2022-05-18T07:41:55+00:00 CRITICAL Uncaught Error: Call to undefined method WP_Post::have_posts() in D:\thaihongpham\htdocs\hunganhjsc_2022\wp-content\themes\hunganhjsc\template-parts\content\vc_map_templates\home\news-section.php:60
Stack trace:
#0 D:\thaihongpham\htdocs\hunganhjsc_2022\wp-includes\template.php(772): require()
#1 D:\thaihongpham\htdocs\hunganhjsc_2022\wp-includes\template.php(716): load_template('D:\\thaihongpham...', false, Array)
#2 D:\thaihongpham\htdocs\hunganhjsc_2022\wp-includes\general-template.php(204): locate_template(Array, true, false, Array)
#3 D:\thaihongpham\htdocs\hunganhjsc_2022\wp-content\themes\hunganhjsc\inc\classes\WP_NanoBakeryBuilder.php(39): get_template_part('template-parts/...', '', Array)
#4 D:\thaihongpham\htdocs\hunganhjsc_2022\wp-includes\shortcodes.php(356): WP_NanoBakeryBuilder->{closure}(Array, '', 'st_content_mid')
#5 [internal function]: do_shortcode_tag(Array)
#6 D:\thaihongpham\htdocs\hunganhjsc_2022\wp-includes\shortcodes.php(228): preg_replace_callback('/\\[(\\[?)(st_sli...', 'do_shortcod in D:\thaihongpham\htdocs\hunganhjsc_2022\wp-content\themes\hunganhjsc\template-parts\content\vc_map_templates\home\news-section.php on line 60

2022-05-18T07:54:14+00:00 CRITICAL Uncaught Error: Call to undefined method WP_Post::have_posts() in D:\thaihongpham\htdocs\hunganhjsc_2022\wp-content\themes\hunganhjsc\template-parts\content\vc_map_templates\home\news-section.php:60
Stack trace:
#0 D:\thaihongpham\htdocs\hunganhjsc_2022\wp-includes\template.php(772): require()
#1 D:\thaihongpham\htdocs\hunganhjsc_2022\wp-includes\template.php(716): load_template('D:\\thaihongpham...', false, Array)
#2 D:\thaihongpham\htdocs\hunganhjsc_2022\wp-includes\general-template.php(204): locate_template(Array, true, false, Array)
#3 D:\thaihongpham\htdocs\hunganhjsc_2022\wp-content\themes\hunganhjsc\inc\classes\WP_NanoBakeryBuilder.php(39): get_template_part('template-parts/...', '', Array)
#4 D:\thaihongpham\htdocs\hunganhjsc_2022\wp-includes\shortcodes.php(356): WP_NanoBakeryBuilder->{closure}(Array, '', 'st_content_mid')
#5 [internal function]: do_shortcode_tag(Array)
#6 D:\thaihongpham\htdocs\hunganhjsc_2022\wp-includes\shortcodes.php(228): preg_replace_callback('/\\[(\\[?)(st_sli...', 'do_shortcod in D:\thaihongpham\htdocs\hunganhjsc_2022\wp-content\themes\hunganhjsc\template-parts\content\vc_map_templates\home\news-section.php on line 60

2022-05-18T07:54:16+00:00 CRITICAL Uncaught Error: Call to undefined method WP_Post::have_posts() in D:\thaihongpham\htdocs\hunganhjsc_2022\wp-content\themes\hunganhjsc\template-parts\content\vc_map_templates\home\news-section.php:60
Stack trace:
#0 D:\thaihongpham\htdocs\hunganhjsc_2022\wp-includes\template.php(772): require()
#1 D:\thaihongpham\htdocs\hunganhjsc_2022\wp-includes\template.php(716): load_template('D:\\thaihongpham...', false, Array)
#2 D:\thaihongpham\htdocs\hunganhjsc_2022\wp-includes\general-template.php(204): locate_template(Array, true, false, Array)
#3 D:\thaihongpham\htdocs\hunganhjsc_2022\wp-content\themes\hunganhjsc\inc\classes\WP_NanoBakeryBuilder.php(39): get_template_part('template-parts/...', '', Array)
#4 D:\thaihongpham\htdocs\hunganhjsc_2022\wp-includes\shortcodes.php(356): WP_NanoBakeryBuilder->{closure}(Array, '', 'st_content_mid')
#5 [internal function]: do_shortcode_tag(Array)
#6 D:\thaihongpham\htdocs\hunganhjsc_2022\wp-includes\shortcodes.php(228): preg_replace_callback('/\\[(\\[?)(st_sli...', 'do_shortcod in D:\thaihongpham\htdocs\hunganhjsc_2022\wp-content\themes\hunganhjsc\template-parts\content\vc_map_templates\home\news-section.php on line 60

2022-05-18T07:54:19+00:00 CRITICAL Uncaught Error: Call to undefined method WP_Post::have_posts() in D:\thaihongpham\htdocs\hunganhjsc_2022\wp-content\themes\hunganhjsc\template-parts\content\vc_map_templates\home\news-section.php:60
Stack trace:
#0 D:\thaihongpham\htdocs\hunganhjsc_2022\wp-includes\template.php(772): require()
#1 D:\thaihongpham\htdocs\hunganhjsc_2022\wp-includes\template.php(716): load_template('D:\\thaihongpham...', false, Array)
#2 D:\thaihongpham\htdocs\hunganhjsc_2022\wp-includes\general-template.php(204): locate_template(Array, true, false, Array)
#3 D:\thaihongpham\htdocs\hunganhjsc_2022\wp-content\themes\hunganhjsc\inc\classes\WP_NanoBakeryBuilder.php(39): get_template_part('template-parts/...', '', Array)
#4 D:\thaihongpham\htdocs\hunganhjsc_2022\wp-includes\shortcodes.php(356): WP_NanoBakeryBuilder->{closure}(Array, '', 'st_content_mid')
#5 [internal function]: do_shortcode_tag(Array)
#6 D:\thaihongpham\htdocs\hunganhjsc_2022\wp-includes\shortcodes.php(228): preg_replace_callback('/\\[(\\[?)(st_sli...', 'do_shortcod in D:\thaihongpham\htdocs\hunganhjsc_2022\wp-content\themes\hunganhjsc\template-parts\content\vc_map_templates\home\news-section.php on line 60

2022-05-18T07:54:46+00:00 CRITICAL Uncaught Error: Call to undefined method WP_Post::have_posts() in D:\thaihongpham\htdocs\hunganhjsc_2022\wp-content\themes\hunganhjsc\template-parts\content\vc_map_templates\home\news-section.php:60
Stack trace:
#0 D:\thaihongpham\htdocs\hunganhjsc_2022\wp-includes\template.php(772): require()
#1 D:\thaihongpham\htdocs\hunganhjsc_2022\wp-includes\template.php(716): load_template('D:\\thaihongpham...', false, Array)
#2 D:\thaihongpham\htdocs\hunganhjsc_2022\wp-includes\general-template.php(204): locate_template(Array, true, false, Array)
#3 D:\thaihongpham\htdocs\hunganhjsc_2022\wp-content\themes\hunganhjsc\inc\classes\WP_NanoBakeryBuilder.php(39): get_template_part('template-parts/...', '', Array)
#4 D:\thaihongpham\htdocs\hunganhjsc_2022\wp-includes\shortcodes.php(356): WP_NanoBakeryBuilder->{closure}(Array, '', 'st_content_mid')
#5 [internal function]: do_shortcode_tag(Array)
#6 D:\thaihongpham\htdocs\hunganhjsc_2022\wp-includes\shortcodes.php(228): preg_replace_callback('/\\[(\\[?)(st_con...', 'do_shortcod in D:\thaihongpham\htdocs\hunganhjsc_2022\wp-content\themes\hunganhjsc\template-parts\content\vc_map_templates\home\news-section.php on line 60

2022-05-18T07:55:55+00:00 CRITICAL Uncaught Error: Call to undefined method WP_Post::have_posts() in D:\thaihongpham\htdocs\hunganhjsc_2022\wp-content\themes\hunganhjsc\template-parts\content\vc_map_templates\home\news-section.php:60
Stack trace:
#0 D:\thaihongpham\htdocs\hunganhjsc_2022\wp-includes\template.php(772): require()
#1 D:\thaihongpham\htdocs\hunganhjsc_2022\wp-includes\template.php(716): load_template('D:\\thaihongpham...', false, Array)
#2 D:\thaihongpham\htdocs\hunganhjsc_2022\wp-includes\general-template.php(204): locate_template(Array, true, false, Array)
#3 D:\thaihongpham\htdocs\hunganhjsc_2022\wp-content\themes\hunganhjsc\inc\classes\WP_NanoBakeryBuilder.php(39): get_template_part('template-parts/...', '', Array)
#4 D:\thaihongpham\htdocs\hunganhjsc_2022\wp-includes\shortcodes.php(356): WP_NanoBakeryBuilder->{closure}(Array, '', 'st_content_mid')
#5 [internal function]: do_shortcode_tag(Array)
#6 D:\thaihongpham\htdocs\hunganhjsc_2022\wp-includes\shortcodes.php(228): preg_replace_callback('/\\[(\\[?)(st_con...', 'do_shortcod in D:\thaihongpham\htdocs\hunganhjsc_2022\wp-content\themes\hunganhjsc\template-parts\content\vc_map_templates\home\news-section.php on line 60

2022-05-18T07:55:57+00:00 CRITICAL Uncaught Error: Call to undefined method WP_Post::have_posts() in D:\thaihongpham\htdocs\hunganhjsc_2022\wp-content\themes\hunganhjsc\template-parts\content\vc_map_templates\home\news-section.php:60
Stack trace:
#0 D:\thaihongpham\htdocs\hunganhjsc_2022\wp-includes\template.php(772): require()
#1 D:\thaihongpham\htdocs\hunganhjsc_2022\wp-includes\template.php(716): load_template('D:\\thaihongpham...', false, Array)
#2 D:\thaihongpham\htdocs\hunganhjsc_2022\wp-includes\general-template.php(204): locate_template(Array, true, false, Array)
#3 D:\thaihongpham\htdocs\hunganhjsc_2022\wp-content\themes\hunganhjsc\inc\classes\WP_NanoBakeryBuilder.php(39): get_template_part('template-parts/...', '', Array)
#4 D:\thaihongpham\htdocs\hunganhjsc_2022\wp-includes\shortcodes.php(356): WP_NanoBakeryBuilder->{closure}(Array, '', 'st_content_mid')
#5 [internal function]: do_shortcode_tag(Array)
#6 D:\thaihongpham\htdocs\hunganhjsc_2022\wp-includes\shortcodes.php(228): preg_replace_callback('/\\[(\\[?)(st_con...', 'do_shortcod in D:\thaihongpham\htdocs\hunganhjsc_2022\wp-content\themes\hunganhjsc\template-parts\content\vc_map_templates\home\news-section.php on line 60

2022-05-18T07:56:55+00:00 CRITICAL Uncaught Error: Call to undefined method WP_Post::have_posts() in D:\thaihongpham\htdocs\hunganhjsc_2022\wp-content\themes\hunganhjsc\template-parts\content\vc_map_templates\home\news-section.php:60
Stack trace:
#0 D:\thaihongpham\htdocs\hunganhjsc_2022\wp-includes\template.php(772): require()
#1 D:\thaihongpham\htdocs\hunganhjsc_2022\wp-includes\template.php(716): load_template('D:\\thaihongpham...', false, Array)
#2 D:\thaihongpham\htdocs\hunganhjsc_2022\wp-includes\general-template.php(204): locate_template(Array, true, false, Array)
#3 D:\thaihongpham\htdocs\hunganhjsc_2022\wp-content\themes\hunganhjsc\inc\classes\WP_NanoBakeryBuilder.php(39): get_template_part('template-parts/...', '', Array)
#4 D:\thaihongpham\htdocs\hunganhjsc_2022\wp-includes\shortcodes.php(356): WP_NanoBakeryBuilder->{closure}(Array, '', 'st_content_mid')
#5 [internal function]: do_shortcode_tag(Array)
#6 D:\thaihongpham\htdocs\hunganhjsc_2022\wp-includes\shortcodes.php(228): preg_replace_callback('/\\[(\\[?)(st_sli...', 'do_shortcod in D:\thaihongpham\htdocs\hunganhjsc_2022\wp-content\themes\hunganhjsc\template-parts\content\vc_map_templates\home\news-section.php on line 60

2022-05-18T07:56:58+00:00 CRITICAL Uncaught Error: Call to undefined method WP_Post::have_posts() in D:\thaihongpham\htdocs\hunganhjsc_2022\wp-content\themes\hunganhjsc\template-parts\content\vc_map_templates\home\news-section.php:60
Stack trace:
#0 D:\thaihongpham\htdocs\hunganhjsc_2022\wp-includes\template.php(772): require()
#1 D:\thaihongpham\htdocs\hunganhjsc_2022\wp-includes\template.php(716): load_template('D:\\thaihongpham...', false, Array)
#2 D:\thaihongpham\htdocs\hunganhjsc_2022\wp-includes\general-template.php(204): locate_template(Array, true, false, Array)
#3 D:\thaihongpham\htdocs\hunganhjsc_2022\wp-content\themes\hunganhjsc\inc\classes\WP_NanoBakeryBuilder.php(39): get_template_part('template-parts/...', '', Array)
#4 D:\thaihongpham\htdocs\hunganhjsc_2022\wp-includes\shortcodes.php(356): WP_NanoBakeryBuilder->{closure}(Array, '', 'st_content_mid')
#5 [internal function]: do_shortcode_tag(Array)
#6 D:\thaihongpham\htdocs\hunganhjsc_2022\wp-includes\shortcodes.php(228): preg_replace_callback('/\\[(\\[?)(st_sli...', 'do_shortcod in D:\thaihongpham\htdocs\hunganhjsc_2022\wp-content\themes\hunganhjsc\template-parts\content\vc_map_templates\home\news-section.php on line 60

2022-05-18T07:57:19+00:00 CRITICAL Uncaught Error: Call to undefined method WP_Post::have_posts() in D:\thaihongpham\htdocs\hunganhjsc_2022\wp-content\themes\hunganhjsc\template-parts\content\vc_map_templates\home\news-section.php:60
Stack trace:
#0 D:\thaihongpham\htdocs\hunganhjsc_2022\wp-includes\template.php(772): require()
#1 D:\thaihongpham\htdocs\hunganhjsc_2022\wp-includes\template.php(716): load_template('D:\\thaihongpham...', false, Array)
#2 D:\thaihongpham\htdocs\hunganhjsc_2022\wp-includes\general-template.php(204): locate_template(Array, true, false, Array)
#3 D:\thaihongpham\htdocs\hunganhjsc_2022\wp-content\themes\hunganhjsc\inc\classes\WP_NanoBakeryBuilder.php(39): get_template_part('template-parts/...', '', Array)
#4 D:\thaihongpham\htdocs\hunganhjsc_2022\wp-includes\shortcodes.php(356): WP_NanoBakeryBuilder->{closure}(Array, '', 'st_content_mid')
#5 [internal function]: do_shortcode_tag(Array)
#6 D:\thaihongpham\htdocs\hunganhjsc_2022\wp-includes\shortcodes.php(228): preg_replace_callback('/\\[(\\[?)(st_con...', 'do_shortcod in D:\thaihongpham\htdocs\hunganhjsc_2022\wp-content\themes\hunganhjsc\template-parts\content\vc_map_templates\home\news-section.php on line 60

2022-05-18T07:57:33+00:00 CRITICAL Uncaught Error: Call to undefined method WP_Post::have_posts() in D:\thaihongpham\htdocs\hunganhjsc_2022\wp-content\themes\hunganhjsc\template-parts\content\vc_map_templates\home\news-section.php:60
Stack trace:
#0 D:\thaihongpham\htdocs\hunganhjsc_2022\wp-includes\template.php(772): require()
#1 D:\thaihongpham\htdocs\hunganhjsc_2022\wp-includes\template.php(716): load_template('D:\\thaihongpham...', false, Array)
#2 D:\thaihongpham\htdocs\hunganhjsc_2022\wp-includes\general-template.php(204): locate_template(Array, true, false, Array)
#3 D:\thaihongpham\htdocs\hunganhjsc_2022\wp-content\themes\hunganhjsc\inc\classes\WP_NanoBakeryBuilder.php(39): get_template_part('template-parts/...', '', Array)
#4 D:\thaihongpham\htdocs\hunganhjsc_2022\wp-includes\shortcodes.php(356): WP_NanoBakeryBuilder->{closure}(Array, '', 'st_content_mid')
#5 [internal function]: do_shortcode_tag(Array)
#6 D:\thaihongpham\htdocs\hunganhjsc_2022\wp-includes\shortcodes.php(228): preg_replace_callback('/\\[(\\[?)(st_con...', 'do_shortcod in D:\thaihongpham\htdocs\hunganhjsc_2022\wp-content\themes\hunganhjsc\template-parts\content\vc_map_templates\home\news-section.php on line 60

2022-05-18T07:57:34+00:00 CRITICAL Uncaught Error: Call to undefined method WP_Post::have_posts() in D:\thaihongpham\htdocs\hunganhjsc_2022\wp-content\themes\hunganhjsc\template-parts\content\vc_map_templates\home\news-section.php:60
Stack trace:
#0 D:\thaihongpham\htdocs\hunganhjsc_2022\wp-includes\template.php(772): require()
#1 D:\thaihongpham\htdocs\hunganhjsc_2022\wp-includes\template.php(716): load_template('D:\\thaihongpham...', false, Array)
#2 D:\thaihongpham\htdocs\hunganhjsc_2022\wp-includes\general-template.php(204): locate_template(Array, true, false, Array)
#3 D:\thaihongpham\htdocs\hunganhjsc_2022\wp-content\themes\hunganhjsc\inc\classes\WP_NanoBakeryBuilder.php(39): get_template_part('template-parts/...', '', Array)
#4 D:\thaihongpham\htdocs\hunganhjsc_2022\wp-includes\shortcodes.php(356): WP_NanoBakeryBuilder->{closure}(Array, '', 'st_content_mid')
#5 [internal function]: do_shortcode_tag(Array)
#6 D:\thaihongpham\htdocs\hunganhjsc_2022\wp-includes\shortcodes.php(228): preg_replace_callback('/\\[(\\[?)(st_sli...', 'do_shortcod in D:\thaihongpham\htdocs\hunganhjsc_2022\wp-content\themes\hunganhjsc\template-parts\content\vc_map_templates\home\news-section.php on line 60

2022-05-18T07:57:48+00:00 CRITICAL Uncaught Error: Call to undefined method WP_Post::have_posts() in D:\thaihongpham\htdocs\hunganhjsc_2022\wp-content\themes\hunganhjsc\template-parts\content\vc_map_templates\home\news-section.php:60
Stack trace:
#0 D:\thaihongpham\htdocs\hunganhjsc_2022\wp-includes\template.php(772): require()
#1 D:\thaihongpham\htdocs\hunganhjsc_2022\wp-includes\template.php(716): load_template('D:\\thaihongpham...', false, Array)
#2 D:\thaihongpham\htdocs\hunganhjsc_2022\wp-includes\general-template.php(204): locate_template(Array, true, false, Array)
#3 D:\thaihongpham\htdocs\hunganhjsc_2022\wp-content\themes\hunganhjsc\inc\classes\WP_NanoBakeryBuilder.php(39): get_template_part('template-parts/...', '', Array)
#4 D:\thaihongpham\htdocs\hunganhjsc_2022\wp-includes\shortcodes.php(356): WP_NanoBakeryBuilder->{closure}(Array, '', 'st_content_mid')
#5 [internal function]: do_shortcode_tag(Array)
#6 D:\thaihongpham\htdocs\hunganhjsc_2022\wp-includes\shortcodes.php(228): preg_replace_callback('/\\[(\\[?)(st_sli...', 'do_shortcod in D:\thaihongpham\htdocs\hunganhjsc_2022\wp-content\themes\hunganhjsc\template-parts\content\vc_map_templates\home\news-section.php on line 60

2022-05-18T07:59:05+00:00 CRITICAL Uncaught Error: Call to undefined method WP_Post::have_posts() in D:\thaihongpham\htdocs\hunganhjsc_2022\wp-content\themes\hunganhjsc\template-parts\content\vc_map_templates\home\news-section.php:60
Stack trace:
#0 D:\thaihongpham\htdocs\hunganhjsc_2022\wp-includes\template.php(772): require()
#1 D:\thaihongpham\htdocs\hunganhjsc_2022\wp-includes\template.php(716): load_template('D:\\thaihongpham...', false, Array)
#2 D:\thaihongpham\htdocs\hunganhjsc_2022\wp-includes\general-template.php(204): locate_template(Array, true, false, Array)
#3 D:\thaihongpham\htdocs\hunganhjsc_2022\wp-content\themes\hunganhjsc\inc\classes\WP_NanoBakeryBuilder.php(39): get_template_part('template-parts/...', '', Array)
#4 D:\thaihongpham\htdocs\hunganhjsc_2022\wp-includes\shortcodes.php(356): WP_NanoBakeryBuilder->{closure}(Array, '', 'st_content_mid')
#5 [internal function]: do_shortcode_tag(Array)
#6 D:\thaihongpham\htdocs\hunganhjsc_2022\wp-includes\shortcodes.php(228): preg_replace_callback('/\\[(\\[?)(st_sli...', 'do_shortcod in D:\thaihongpham\htdocs\hunganhjsc_2022\wp-content\themes\hunganhjsc\template-parts\content\vc_map_templates\home\news-section.php on line 60

2022-05-18T07:59:08+00:00 CRITICAL Uncaught Error: Call to undefined method WP_Post::have_posts() in D:\thaihongpham\htdocs\hunganhjsc_2022\wp-content\themes\hunganhjsc\template-parts\content\vc_map_templates\home\news-section.php:60
Stack trace:
#0 D:\thaihongpham\htdocs\hunganhjsc_2022\wp-includes\template.php(772): require()
#1 D:\thaihongpham\htdocs\hunganhjsc_2022\wp-includes\template.php(716): load_template('D:\\thaihongpham...', false, Array)
#2 D:\thaihongpham\htdocs\hunganhjsc_2022\wp-includes\general-template.php(204): locate_template(Array, true, false, Array)
#3 D:\thaihongpham\htdocs\hunganhjsc_2022\wp-content\themes\hunganhjsc\inc\classes\WP_NanoBakeryBuilder.php(39): get_template_part('template-parts/...', '', Array)
#4 D:\thaihongpham\htdocs\hunganhjsc_2022\wp-includes\shortcodes.php(356): WP_NanoBakeryBuilder->{closure}(Array, '', 'st_content_mid')
#5 [internal function]: do_shortcode_tag(Array)
#6 D:\thaihongpham\htdocs\hunganhjsc_2022\wp-includes\shortcodes.php(228): preg_replace_callback('/\\[(\\[?)(st_sli...', 'do_shortcod in D:\thaihongpham\htdocs\hunganhjsc_2022\wp-content\themes\hunganhjsc\template-parts\content\vc_map_templates\home\news-section.php on line 60

2022-05-18T09:02:04+00:00 CRITICAL Uncaught Error: Call to a member function the_permalink() on string in D:\thaihongpham\htdocs\hunganhjsc_2022\wp-content\themes\hunganhjsc\template-parts\content\vc_map_templates\home\news-section.php:11
Stack trace:
#0 D:\thaihongpham\htdocs\hunganhjsc_2022\wp-includes\template.php(772): require()
#1 D:\thaihongpham\htdocs\hunganhjsc_2022\wp-includes\template.php(716): load_template('D:\\thaihongpham...', false, Array)
#2 D:\thaihongpham\htdocs\hunganhjsc_2022\wp-includes\general-template.php(204): locate_template(Array, true, false, Array)
#3 D:\thaihongpham\htdocs\hunganhjsc_2022\wp-content\themes\hunganhjsc\inc\classes\WP_NanoBakeryBuilder.php(39): get_template_part('template-parts/...', '', Array)
#4 D:\thaihongpham\htdocs\hunganhjsc_2022\wp-includes\shortcodes.php(356): WP_NanoBakeryBuilder->{closure}(Array, '', 'st_content_mid')
#5 [internal function]: do_shortcode_tag(Array)
#6 D:\thaihongpham\htdocs\hunganhjsc_2022\wp-includes\shortcodes.php(228): preg_replace_callback('/\\[(\\[?)(st_sli...', 'do_sho in D:\thaihongpham\htdocs\hunganhjsc_2022\wp-content\themes\hunganhjsc\template-parts\content\vc_map_templates\home\news-section.php on line 11

2022-05-18T09:02:18+00:00 CRITICAL Uncaught Error: Call to a member function the_permalink() on string in D:\thaihongpham\htdocs\hunganhjsc_2022\wp-content\themes\hunganhjsc\template-parts\content\vc_map_templates\home\news-section.php:11
Stack trace:
#0 D:\thaihongpham\htdocs\hunganhjsc_2022\wp-includes\template.php(772): require()
#1 D:\thaihongpham\htdocs\hunganhjsc_2022\wp-includes\template.php(716): load_template('D:\\thaihongpham...', false, Array)
#2 D:\thaihongpham\htdocs\hunganhjsc_2022\wp-includes\general-template.php(204): locate_template(Array, true, false, Array)
#3 D:\thaihongpham\htdocs\hunganhjsc_2022\wp-content\themes\hunganhjsc\inc\classes\WP_NanoBakeryBuilder.php(39): get_template_part('template-parts/...', '', Array)
#4 D:\thaihongpham\htdocs\hunganhjsc_2022\wp-includes\shortcodes.php(356): WP_NanoBakeryBuilder->{closure}(Array, '', 'st_content_mid')
#5 [internal function]: do_shortcode_tag(Array)
#6 D:\thaihongpham\htdocs\hunganhjsc_2022\wp-includes\shortcodes.php(228): preg_replace_callback('/\\[(\\[?)(st_sli...', 'do_sho in D:\thaihongpham\htdocs\hunganhjsc_2022\wp-content\themes\hunganhjsc\template-parts\content\vc_map_templates\home\news-section.php on line 11

2022-05-18T09:26:22+00:00 CRITICAL syntax error, unexpected ')', expecting ']' in D:\thaihongpham\htdocs\hunganhjsc_2022\wp-content\themes\hunganhjsc\inc\classes\WP_NanoBakeryBuilder.php on line 222

2022-05-18T09:28:23+00:00 CRITICAL syntax error, unexpected ')', expecting ']' in D:\thaihongpham\htdocs\hunganhjsc_2022\wp-content\themes\hunganhjsc\inc\classes\WP_NanoBakeryBuilder.php on line 221

2022-05-18T09:28:43+00:00 CRITICAL syntax error, unexpected ')', expecting ']' in D:\thaihongpham\htdocs\hunganhjsc_2022\wp-content\themes\hunganhjsc\inc\classes\WP_NanoBakeryBuilder.php on line 221

2022-05-18T09:28:43+00:00 CRITICAL syntax error, unexpected ')', expecting ']' in D:\thaihongpham\htdocs\hunganhjsc_2022\wp-content\themes\hunganhjsc\inc\classes\WP_NanoBakeryBuilder.php on line 221

2022-05-18T09:28:43+00:00 CRITICAL syntax error, unexpected ')', expecting ']' in D:\thaihongpham\htdocs\hunganhjsc_2022\wp-content\themes\hunganhjsc\inc\classes\WP_NanoBakeryBuilder.php on line 221

