2022-05-13T02:59:43+00:00 CRITICAL Uncaught Error: Call to undefined function hunganhjsc_posted_on() in D:\thaihongpham\htdocs\hunganhjsc_2022\wp-content\themes\hunganhjsc\template-parts\content.php:25
Stack trace:
#0 D:\thaihongpham\htdocs\hunganhjsc_2022\wp-includes\template.php(772): require()
#1 D:\thaihongpham\htdocs\hunganhjsc_2022\wp-includes\template.php(716): load_template('D:\\thaihongpham...', false, Array)
#2 D:\thaihongpham\htdocs\hunganhjsc_2022\wp-includes\general-template.php(204): locate_template(Array, true, false, Array)
#3 D:\thaihongpham\htdocs\hunganhjsc_2022\wp-content\themes\hunganhjsc\index.php(31): get_template_part('template-parts/...', 'post')
#4 D:\thaihongpham\htdocs\hunganhjsc_2022\wp-includes\template-loader.php(106): include('D:\\thaihongpham...')
#5 D:\thaihongpham\htdocs\hunganhjsc_2022\wp-blog-header.php(19): require_once('D:\\thaihongpham...')
#6 D:\thaihongpham\htdocs\hunganhjsc_2022\index.php(17): require('D:\\thaihongpham...')
#7 {main}
  thrown in D:\thaihongpham\htdocs\hunganhjsc_2022\wp-content\themes\hunganhjsc\template-parts\content.php on line 25

2022-05-13T03:00:39+00:00 CRITICAL Uncaught Error: Call to undefined function hunganhjsc_entry_footer() in D:\thaihongpham\htdocs\hunganhjsc_2022\wp-content\themes\hunganhjsc\template-parts\content.php:59
Stack trace:
#0 D:\thaihongpham\htdocs\hunganhjsc_2022\wp-includes\template.php(772): require()
#1 D:\thaihongpham\htdocs\hunganhjsc_2022\wp-includes\template.php(716): load_template('D:\\thaihongpham...', false, Array)
#2 D:\thaihongpham\htdocs\hunganhjsc_2022\wp-includes\general-template.php(204): locate_template(Array, true, false, Array)
#3 D:\thaihongpham\htdocs\hunganhjsc_2022\wp-content\themes\hunganhjsc\index.php(31): get_template_part('template-parts/...', 'post')
#4 D:\thaihongpham\htdocs\hunganhjsc_2022\wp-includes\template-loader.php(106): include('D:\\thaihongpham...')
#5 D:\thaihongpham\htdocs\hunganhjsc_2022\wp-blog-header.php(19): require_once('D:\\thaihongpham...')
#6 D:\thaihongpham\htdocs\hunganhjsc_2022\index.php(17): require('D:\\thaihongpham...')
#7 {main}
  thrown in D:\thaihongpham\htdocs\hunganhjsc_2022\wp-content\themes\hunganhjsc\template-parts\content.php on line 59

2022-05-13T03:49:11+00:00 CRITICAL syntax error, unexpected identifier "wp_style_add_data" in D:\thaihongpham\htdocs\hunganhjsc_2022\wp-content\themes\hunganhjsc\functions.php on line 103

2022-05-13T04:06:12+00:00 CRITICAL syntax error, unexpected identifier "wp_enqueue_style" in D:\thaihongpham\htdocs\hunganhjsc_2022\wp-content\themes\hunganhjsc\functions.php on line 103

2022-05-13T08:56:29+00:00 CRITICAL Uncaught Error: Call to undefined function hunganhjsc_post_thumbnail() in D:\thaihongpham\htdocs\hunganhjsc_2022\wp-content\themes\hunganhjsc\template-parts\content-page.php:17
Stack trace:
#0 D:\thaihongpham\htdocs\hunganhjsc_2022\wp-includes\template.php(772): require()
#1 D:\thaihongpham\htdocs\hunganhjsc_2022\wp-includes\template.php(716): load_template('D:\\thaihongpham...', false, Array)
#2 D:\thaihongpham\htdocs\hunganhjsc_2022\wp-includes\general-template.php(204): locate_template(Array, true, false, Array)
#3 D:\thaihongpham\htdocs\hunganhjsc_2022\wp-content\themes\hunganhjsc\page.php(26): get_template_part('template-parts/...', 'page')
#4 D:\thaihongpham\htdocs\hunganhjsc_2022\wp-includes\template-loader.php(106): include('D:\\thaihongpham...')
#5 D:\thaihongpham\htdocs\hunganhjsc_2022\wp-blog-header.php(19): require_once('D:\\thaihongpham...')
#6 D:\thaihongpham\htdocs\hunganhjsc_2022\index.php(17): require('D:\\thaihongpham...')
#7 {main}
  thrown in D:\thaihongpham\htdocs\hunganhjsc_2022\wp-content\themes\hunganhjsc\template-parts\content-page.php on line 17

2022-05-13T09:10:03+00:00 CRITICAL syntax error, unexpected token "}" in D:\thaihongpham\htdocs\hunganhjsc_2022\wp-content\themes\hunganhjsc\functions.php on line 74

2022-05-13T09:11:20+00:00 CRITICAL Uncaught Error: Call to undefined function register_nav_menu_demo() in D:\thaihongpham\htdocs\hunganhjsc_2022\wp-content\themes\hunganhjsc\functions.php:73
Stack trace:
#0 D:\thaihongpham\htdocs\hunganhjsc_2022\wp-includes\class-wp-hook.php(307): hunganhjsc_setup('')
#1 D:\thaihongpham\htdocs\hunganhjsc_2022\wp-includes\class-wp-hook.php(331): WP_Hook->apply_filters(NULL, Array)
#2 D:\thaihongpham\htdocs\hunganhjsc_2022\wp-includes\plugin.php(474): WP_Hook->do_action(Array)
#3 D:\thaihongpham\htdocs\hunganhjsc_2022\wp-settings.php(565): do_action('after_setup_the...')
#4 D:\thaihongpham\htdocs\hunganhjsc_2022\wp-config.php(96): require_once('D:\\thaihongpham...')
#5 D:\thaihongpham\htdocs\hunganhjsc_2022\wp-load.php(50): require_once('D:\\thaihongpham...')
#6 D:\thaihongpham\htdocs\hunganhjsc_2022\wp-admin\admin-ajax.php(22): require_once('D:\\thaihongpham...')
#7 {main}
  thrown in D:\thaihongpham\htdocs\hunganhjsc_2022\wp-content\themes\hunganhjsc\functions.php on line 73

2022-05-13T09:11:21+00:00 CRITICAL Uncaught Error: Call to undefined function register_nav_menu_demo() in D:\thaihongpham\htdocs\hunganhjsc_2022\wp-content\themes\hunganhjsc\functions.php:73
Stack trace:
#0 D:\thaihongpham\htdocs\hunganhjsc_2022\wp-includes\class-wp-hook.php(307): hunganhjsc_setup('')
#1 D:\thaihongpham\htdocs\hunganhjsc_2022\wp-includes\class-wp-hook.php(331): WP_Hook->apply_filters(NULL, Array)
#2 D:\thaihongpham\htdocs\hunganhjsc_2022\wp-includes\plugin.php(474): WP_Hook->do_action(Array)
#3 D:\thaihongpham\htdocs\hunganhjsc_2022\wp-settings.php(565): do_action('after_setup_the...')
#4 D:\thaihongpham\htdocs\hunganhjsc_2022\wp-config.php(96): require_once('D:\\thaihongpham...')
#5 D:\thaihongpham\htdocs\hunganhjsc_2022\wp-load.php(50): require_once('D:\\thaihongpham...')
#6 D:\thaihongpham\htdocs\hunganhjsc_2022\wp-admin\admin.php(34): require_once('D:\\thaihongpham...')
#7 D:\thaihongpham\htdocs\hunganhjsc_2022\wp-admin\nav-menus.php(13): require_once('D:\\thaihongpham...')
#8 {main}
  thrown in D:\thaihongpham\htdocs\hunganhjsc_2022\wp-content\themes\hunganhjsc\functions.php on line 73

2022-05-13T09:11:21+00:00 CRITICAL Uncaught Error: Call to undefined function register_nav_menu_demo() in D:\thaihongpham\htdocs\hunganhjsc_2022\wp-content\themes\hunganhjsc\functions.php:73
Stack trace:
#0 D:\thaihongpham\htdocs\hunganhjsc_2022\wp-includes\class-wp-hook.php(307): hunganhjsc_setup('')
#1 D:\thaihongpham\htdocs\hunganhjsc_2022\wp-includes\class-wp-hook.php(331): WP_Hook->apply_filters(NULL, Array)
#2 D:\thaihongpham\htdocs\hunganhjsc_2022\wp-includes\plugin.php(474): WP_Hook->do_action(Array)
#3 D:\thaihongpham\htdocs\hunganhjsc_2022\wp-settings.php(565): do_action('after_setup_the...')
#4 D:\thaihongpham\htdocs\hunganhjsc_2022\wp-config.php(96): require_once('D:\\thaihongpham...')
#5 D:\thaihongpham\htdocs\hunganhjsc_2022\wp-load.php(50): require_once('D:\\thaihongpham...')
#6 D:\thaihongpham\htdocs\hunganhjsc_2022\wp-blog-header.php(13): require_once('D:\\thaihongpham...')
#7 D:\thaihongpham\htdocs\hunganhjsc_2022\index.php(17): require('D:\\thaihongpham...')
#8 {main}
  thrown in D:\thaihongpham\htdocs\hunganhjsc_2022\wp-content\themes\hunganhjsc\functions.php on line 73

